# JRE version: OpenJDK Runtime Environment GraalVM CE 22.3.0 (17.0.5+8) (build 17.0.5+8-jvmci-22.3-b08)
# Java VM: OpenJDK 64-Bit Server VM GraalVM CE 22.3.0 (17.0.5+8-jvmci-22.3-b08, mixed mode, sharing, tiered, jvmci, jvmci compiler, compressed oops, compressed class ptrs, parallel gc, linux-amd64)
GC Precious Log:
 CPUs: 8 total, 1 available
 Memory: 1024M
 Large Page Support: Disabled
 NUMA Support: Disabled
 Compressed Oops: Enabled (32-bit)
 Alignments: Space 512K, Generation 512K, Heap 2M
 Heap Min Capacity: 100M
 Heap Initial Capacity: 100M
 Heap Max Capacity: 512M
 Pre-touch: Disabled
 Parallel Workers: 1
Heap:
 PSYoungGen      total 62976K, used 33280K [0x00000000f5580000, 0x00000000fb580000, 0x0000000100000000)
  eden space 33280K, 100% used [0x00000000f5580000,0x00000000f7600000,0x00000000f7600000)
  from space 29696K, 0% used [0x00000000f9880000,0x00000000f9880000,0x00000000fb580000)
  to   space 31744K, 0% used [0x00000000f7600000,0x00000000f7600000,0x00000000f9500000)
 ParOldGen       total 349696K, used 349695K [0x00000000e0000000, 0x00000000f5580000, 0x00000000f5580000)
  object space 349696K, 99% used [0x00000000e0000000,0x00000000f557ffe0,0x00000000f5580000)
 Metaspace       used 56305K, committed 57216K, reserved 1105920K
  class space    used 5533K, committed 5888K, reserved 1048576K
GC Heap History (20 events):
Event: 1254.686 GC heap before
{Heap before GC invocations=620 (full 520):
 PSYoungGen      total 62976K, used 33279K [0x00000000f5580000, 0x00000000fb580000, 0x0000000100000000)
  eden space 33280K, 99% used [0x00000000f5580000,0x00000000f75ffff8,0x00000000f7600000)
  from space 29696K, 0% used [0x00000000f9880000,0x00000000f9880000,0x00000000fb580000)
  to   space 31744K, 0% used [0x00000000f7600000,0x00000000f7600000,0x00000000f9500000)
 ParOldGen       total 349696K, used 349694K [0x00000000e0000000, 0x00000000f5580000, 0x00000000f5580000)
  object space 349696K, 99% used [0x00000000e0000000,0x00000000f557f830,0x00000000f5580000)
 Metaspace       used 56305K, committed 57216K, reserved 1105920K
  class space    used 5533K, committed 5888K, reserved 1048576K
}
Event: 1256.778 GC heap after
{Heap after GC invocations=620 (full 520):
 PSYoungGen      total 65024K, used 33279K [0x00000000f5580000, 0x00000000fb580000, 0x0000000100000000)
  eden space 33280K, 99% used [0x00000000f5580000,0x00000000f75fffd8,0x00000000f7600000)
  from space 31744K, 0% used [0x00000000f7600000,0x00000000f7600000,0x00000000f9500000)
  to   space 29696K, 0% used [0x00000000f9880000,0x00000000f9880000,0x00000000fb580000)
 ParOldGen       total 349696K, used 349692K [0x00000000e0000000, 0x00000000f5580000, 0x00000000f5580000)
  object space 349696K, 99% used [0x00000000e0000000,0x00000000f557f3d8,0x00000000f5580000)
 Metaspace       used 56305K, committed 57216K, reserved 1105920K
  class space    used 5533K, committed 5888K, reserved 1048576K
}
Event: 1256.779 GC heap before
{Heap before GC invocations=621 (full 521):
 PSYoungGen      total 65024K, used 33279K [0x00000000f5580000, 0x00000000fb580000, 0x0000000100000000)
  eden space 33280K, 99% used [0x00000000f5580000,0x00000000f75ffff8,0x00000000f7600000)
  from space 31744K, 0% used [0x00000000f7600000,0x00000000f7600000,0x00000000f9500000)
  to   space 29696K, 0% used [0x00000000f9880000,0x00000000f9880000,0x00000000fb580000)
 ParOldGen       total 349696K, used 349692K [0x00000000e0000000, 0x00000000f5580000, 0x00000000f5580000)
  object space 349696K, 99% used [0x00000000e0000000,0x00000000f557f3d8,0x00000000f5580000)
 Metaspace       used 56305K, committed 57216K, reserved 1105920K
  class space    used 5533K, committed 5888K, reserved 1048576K
}
Event: 1258.746 GC heap after
{Heap after GC invocations=621 (full 521):
 PSYoungGen      total 62976K, used 33279K [0x00000000f5580000, 0x00000000fb580000, 0x0000000100000000)
  eden space 33280K, 99% used [0x00000000f5580000,0x00000000f75fffd8,0x00000000f7600000)
  from space 29696K, 0% used [0x00000000f9880000,0x00000000f9880000,0x00000000fb580000)
  to   space 31744K, 0% used [0x00000000f7600000,0x00000000f7600000,0x00000000f9500000)
 ParOldGen       total 349696K, used 349692K [0x00000000e0000000, 0x00000000f5580000, 0x00000000f5580000)
  object space 349696K, 99% used [0x00000000e0000000,0x00000000f557f3d8,0x00000000f5580000)
 Metaspace       used 56305K, committed 57216K, reserved 1105920K
  class space    used 5533K, committed 5888K, reserved 1048576K
}
Event: 1258.746 GC heap before
{Heap before GC invocations=622 (full 522):
 PSYoungGen      total 62976K, used 33279K [0x00000000f5580000, 0x00000000fb580000, 0x0000000100000000)
  eden space 33280K, 99% used [0x00000000f5580000,0x00000000f75ffff8,0x00000000f7600000)
  from space 29696K, 0% used [0x00000000f9880000,0x00000000f9880000,0x00000000fb580000)
  to   space 31744K, 0% used [0x00000000f7600000,0x00000000f7600000,0x00000000f9500000)
 ParOldGen       total 349696K, used 349692K [0x00000000e0000000, 0x00000000f5580000, 0x00000000f5580000)
  object space 349696K, 99% used [0x00000000e0000000,0x00000000f557f3d8,0x00000000f5580000)
 Metaspace       used 56305K, committed 57216K, reserved 1105920K
  class space    used 5533K, committed 5888K, reserved 1048576K
}
Event: 1260.942 GC heap after
{Heap after GC invocations=622 (full 522):
 PSYoungGen      total 65024K, used 33279K [0x00000000f5580000, 0x00000000fb580000, 0x0000000100000000)
  eden space 33280K, 99% used [0x00000000f5580000,0x00000000f75fffd8,0x00000000f7600000)
  from space 31744K, 0% used [0x00000000f7600000,0x00000000f7600000,0x00000000f9500000)
  to   space 29696K, 0% used [0x00000000f9880000,0x00000000f9880000,0x00000000fb580000)
 ParOldGen       total 349696K, used 349692K [0x00000000e0000000, 0x00000000f5580000, 0x00000000f5580000)
  object space 349696K, 99% used [0x00000000e0000000,0x00000000f557f3d8,0x00000000f5580000)
 Metaspace       used 56305K, committed 57216K, reserved 1105920K
  class space    used 5533K, committed 5888K, reserved 1048576K
}
Event: 1260.942 GC heap before
{Heap before GC invocations=623 (full 523):
 PSYoungGen      total 65024K, used 33279K [0x00000000f5580000, 0x00000000fb580000, 0x0000000100000000)
  eden space 33280K, 99% used [0x00000000f5580000,0x00000000f75ffff8,0x00000000f7600000)
  from space 31744K, 0% used [0x00000000f7600000,0x00000000f7600000,0x00000000f9500000)
  to   space 29696K, 0% used [0x00000000f9880000,0x00000000f9880000,0x00000000fb580000)
 ParOldGen       total 349696K, used 349692K [0x00000000e0000000, 0x00000000f5580000, 0x00000000f5580000)
  object space 349696K, 99% used [0x00000000e0000000,0x00000000f557f3d8,0x00000000f5580000)
 Metaspace       used 56305K, committed 57216K, reserved 1105920K
  class space    used 5533K, committed 5888K, reserved 1048576K
}
Event: 1262.897 GC heap after
{Heap after GC invocations=623 (full 523):
 PSYoungGen      total 62976K, used 33279K [0x00000000f5580000, 0x00000000fb580000, 0x0000000100000000)
  eden space 33280K, 99% used [0x00000000f5580000,0x00000000f75fffd8,0x00000000f7600000)
  from space 29696K, 0% used [0x00000000f9880000,0x00000000f9880000,0x00000000fb580000)
  to   space 31744K, 0% used [0x00000000f7600000,0x00000000f7600000,0x00000000f9500000)
 ParOldGen       total 349696K, used 349692K [0x00000000e0000000, 0x00000000f5580000, 0x00000000f5580000)
  object space 349696K, 99% used [0x00000000e0000000,0x00000000f557f3d8,0x00000000f5580000)
 Metaspace       used 56305K, committed 57216K, reserved 1105920K
  class space    used 5533K, committed 5888K, reserved 1048576K
}
Event: 1262.898 GC heap before
{Heap before GC invocations=624 (full 524):
 PSYoungGen      total 62976K, used 33280K [0x00000000f5580000, 0x00000000fb580000, 0x0000000100000000)
  eden space 33280K, 100% used [0x00000000f5580000,0x00000000f7600000,0x00000000f7600000)
  from space 29696K, 0% used [0x00000000f9880000,0x00000000f9880000,0x00000000fb580000)
  to   space 31744K, 0% used [0x00000000f7600000,0x00000000f7600000,0x00000000f9500000)
 ParOldGen       total 349696K, used 349692K [0x00000000e0000000, 0x00000000f5580000, 0x00000000f5580000)
  object space 349696K, 99% used [0x00000000e0000000,0x00000000f557f3d8,0x00000000f5580000)
 Metaspace       used 56305K, committed 57216K, reserved 1105920K
  class space    used 5533K, committed 5888K, reserved 1048576K
}
Event: 1265.006 GC heap after
{Heap after GC invocations=624 (full 524):
 PSYoungGen      total 65024K, used 33279K [0x00000000f5580000, 0x00000000fb580000, 0x0000000100000000)
  eden space 33280K, 99% used [0x00000000f5580000,0x00000000f75ffff0,0x00000000f7600000)
  from space 31744K, 0% used [0x00000000f7600000,0x00000000f7600000,0x00000000f9500000)
  to   space 29696K, 0% used [0x00000000f9880000,0x00000000f9880000,0x00000000fb580000)
 ParOldGen       total 349696K, used 349692K [0x00000000e0000000, 0x00000000f5580000, 0x00000000f5580000)
  object space 349696K, 99% used [0x00000000e0000000,0x00000000f557f3d8,0x00000000f5580000)
 Metaspace       used 56305K, committed 57216K, reserved 1105920K
  class space    used 5533K, committed 5888K, reserved 1048576K
}
Event: 1265.006 GC heap before
{Heap before GC invocations=625 (full 525):
 PSYoungGen      total 65024K, used 33280K [0x00000000f5580000, 0x00000000fb580000, 0x0000000100000000)
  eden space 33280K, 100% used [0x00000000f5580000,0x00000000f7600000,0x00000000f7600000)
  from space 31744K, 0% used [0x00000000f7600000,0x00000000f7600000,0x00000000f9500000)
  to   space 29696K, 0% used [0x00000000f9880000,0x00000000f9880000,0x00000000fb580000)
 ParOldGen       total 349696K, used 349695K [0x00000000e0000000, 0x00000000f5580000, 0x00000000f5580000)
  object space 349696K, 99% used [0x00000000e0000000,0x00000000f557ffc8,0x00000000f5580000)
 Metaspace       used 56305K, committed 57216K, reserved 1105920K
  class space    used 5533K, committed 5888K, reserved 1048576K
}
Event: 1267.008 GC heap after
{Heap after GC invocations=625 (full 525):
 PSYoungGen      total 62976K, used 33279K [0x00000000f5580000, 0x00000000fb580000, 0x0000000100000000)
  eden space 33280K, 99% used [0x00000000f5580000,0x00000000f75fffc0,0x00000000f7600000)
  from space 29696K, 0% used [0x00000000f9880000,0x00000000f9880000,0x00000000fb580000)
  to   space 31744K, 0% used [0x00000000f7600000,0x00000000f7600000,0x00000000f9500000)
 ParOldGen       total 349696K, used 349695K [0x00000000e0000000, 0x00000000f5580000, 0x00000000f5580000)
  object space 349696K, 99% used [0x00000000e0000000,0x00000000f557ffa8,0x00000000f5580000)
 Metaspace       used 56305K, committed 57216K, reserved 1105920K
  class space    used 5533K, committed 5888K, reserved 1048576K
}
Event: 1267.008 GC heap before
{Heap before GC invocations=626 (full 526):
 PSYoungGen      total 62976K, used 33279K [0x00000000f5580000, 0x00000000fb580000, 0x0000000100000000)
  eden space 33280K, 99% used [0x00000000f5580000,0x00000000f75fffc0,0x00000000f7600000)
  from space 29696K, 0% used [0x00000000f9880000,0x00000000f9880000,0x00000000fb580000)
  to   space 31744K, 0% used [0x00000000f7600000,0x00000000f7600000,0x00000000f9500000)
 ParOldGen       total 349696K, used 349695K [0x00000000e0000000, 0x00000000f5580000, 0x00000000f5580000)
  object space 349696K, 99% used [0x00000000e0000000,0x00000000f557ffa8,0x00000000f5580000)
 Metaspace       used 56305K, committed 57216K, reserved 1105920K
  class space    used 5533K, committed 5888K, reserved 1048576K
}
Event: 1268.881 GC heap after
{Heap after GC invocations=626 (full 526):
 PSYoungGen      total 65024K, used 33279K [0x00000000f5580000, 0x00000000fb580000, 0x0000000100000000)
  eden space 33280K, 99% used [0x00000000f5580000,0x00000000f75fffa0,0x00000000f7600000)
  from space 31744K, 0% used [0x00000000f7600000,0x00000000f7600000,0x00000000f9500000)
  to   space 29696K, 0% used [0x00000000f9880000,0x00000000f9880000,0x00000000fb580000)
 ParOldGen       total 349696K, used 349695K [0x00000000e0000000, 0x00000000f5580000, 0x00000000f5580000)
  object space 349696K, 99% used [0x00000000e0000000,0x00000000f557fe98,0x00000000f5580000)
 Metaspace       used 56305K, committed 57216K, reserved 1105920K
  class space    used 5533K, committed 5888K, reserved 1048576K
}
Event: 1268.882 GC heap before
{Heap before GC invocations=627 (full 527):
 PSYoungGen      total 65024K, used 33280K [0x00000000f5580000, 0x00000000fb580000, 0x0000000100000000)
  eden space 33280K, 100% used [0x00000000f5580000,0x00000000f7600000,0x00000000f7600000)
  from space 31744K, 0% used [0x00000000f7600000,0x00000000f7600000,0x00000000f9500000)
  to   space 29696K, 0% used [0x00000000f9880000,0x00000000f9880000,0x00000000fb580000)
 ParOldGen       total 349696K, used 349696K [0x00000000e0000000, 0x00000000f5580000, 0x00000000f5580000)
  object space 349696K, 100% used [0x00000000e0000000,0x00000000f5580000,0x00000000f5580000)
 Metaspace       used 56305K, committed 57216K, reserved 1105920K
  class space    used 5533K, committed 5888K, reserved 1048576K
}
Event: 1270.891 GC heap after
{Heap after GC invocations=627 (full 527):
 PSYoungGen      total 62976K, used 33279K [0x00000000f5580000, 0x00000000fb580000, 0x0000000100000000)
  eden space 33280K, 99% used [0x00000000f5580000,0x00000000f75fffa0,0x00000000f7600000)
  from space 29696K, 0% used [0x00000000f9880000,0x00000000f9880000,0x00000000fb580000)
  to   space 31744K, 0% used [0x00000000f7600000,0x00000000f7600000,0x00000000f9500000)
 ParOldGen       total 349696K, used 349695K [0x00000000e0000000, 0x00000000f5580000, 0x00000000f5580000)
  object space 349696K, 99% used [0x00000000e0000000,0x00000000f557ff78,0x00000000f5580000)
 Metaspace       used 56305K, committed 57216K, reserved 1105920K
  class space    used 5533K, committed 5888K, reserved 1048576K
}
Event: 1270.893 GC heap before
{Heap before GC invocations=628 (full 528):
 PSYoungGen      total 62976K, used 33279K [0x00000000f5580000, 0x00000000fb580000, 0x0000000100000000)
  eden space 33280K, 99% used [0x00000000f5580000,0x00000000f75fffb0,0x00000000f7600000)
  from space 29696K, 0% used [0x00000000f9880000,0x00000000f9880000,0x00000000fb580000)
  to   space 31744K, 0% used [0x00000000f7600000,0x00000000f7600000,0x00000000f9500000)
 ParOldGen       total 349696K, used 349695K [0x00000000e0000000, 0x00000000f5580000, 0x00000000f5580000)
  object space 349696K, 99% used [0x00000000e0000000,0x00000000f557ff78,0x00000000f5580000)
 Metaspace       used 56305K, committed 57216K, reserved 1105920K
  class space    used 5533K, committed 5888K, reserved 1048576K
}
Event: 1272.797 GC heap after
{Heap after GC invocations=628 (full 528):
 PSYoungGen      total 65024K, used 33279K [0x00000000f5580000, 0x00000000fb580000, 0x0000000100000000)
  eden space 33280K, 99% used [0x00000000f5580000,0x00000000f75fffb0,0x00000000f7600000)
  from space 31744K, 0% used [0x00000000f7600000,0x00000000f7600000,0x00000000f9500000)
  to   space 29696K, 0% used [0x00000000f9880000,0x00000000f9880000,0x00000000fb580000)
 ParOldGen       total 349696K, used 349695K [0x00000000e0000000, 0x00000000f5580000, 0x00000000f5580000)
  object space 349696K, 99% used [0x00000000e0000000,0x00000000f557ff78,0x00000000f5580000)
 Metaspace       used 56305K, committed 57216K, reserved 1105920K
  class space    used 5533K, committed 5888K, reserved 1048576K
}
Event: 1272.797 GC heap before
{Heap before GC invocations=629 (full 529):
 PSYoungGen      total 65024K, used 33279K [0x00000000f5580000, 0x00000000fb580000, 0x0000000100000000)
  eden space 33280K, 99% used [0x00000000f5580000,0x00000000f75fffb0,0x00000000f7600000)
  from space 31744K, 0% used [0x00000000f7600000,0x00000000f7600000,0x00000000f9500000)
  to   space 29696K, 0% used [0x00000000f9880000,0x00000000f9880000,0x00000000fb580000)
 ParOldGen       total 349696K, used 349695K [0x00000000e0000000, 0x00000000f5580000, 0x00000000f5580000)
  object space 349696K, 99% used [0x00000000e0000000,0x00000000f557ff78,0x00000000f5580000)
 Metaspace       used 56305K, committed 57216K, reserved 1105920K
  class space    used 5533K, committed 5888K, reserved 1048576K
}
Event: 1274.622 GC heap after
{Heap after GC invocations=629 (full 529):
 PSYoungGen      total 62976K, used 33279K [0x00000000f5580000, 0x00000000fb580000, 0x0000000100000000)
  eden space 33280K, 99% used [0x00000000f5580000,0x00000000f75fffb0,0x00000000f7600000)
  from space 29696K, 0% used [0x00000000f9880000,0x00000000f9880000,0x00000000fb580000)
  to   space 31744K, 0% used [0x00000000f7600000,0x00000000f7600000,0x00000000f9500000)
 ParOldGen       total 349696K, used 349695K [0x00000000e0000000, 0x00000000f5580000, 0x00000000f5580000)
  object space 349696K, 99% used [0x00000000e0000000,0x00000000f557ff78,0x00000000f5580000)
 Metaspace       used 56305K, committed 57216K, reserved 1105920K
  class space    used 5533K, committed 5888K, reserved 1048576K
}

