# JRE version: OpenJDK Runtime Environment GraalVM CE 22.3.0 (17.0.5+8) (build 17.0.5+8-jvmci-22.3-b08)
# Java VM: OpenJDK 64-Bit Server VM GraalVM CE 22.3.0 (17.0.5+8-jvmci-22.3-b08, mixed mode, sharing, tiered, jvmci, jvmci compiler, compressed oops, compressed class ptrs, parallel gc, linux-amd64)
GC Precious Log:
 CPUs: 8 total, 1 available
 Memory: 1024M
 Large Page Support: Disabled
 NUMA Support: Disabled
 Compressed Oops: Enabled (32-bit)
 Alignments: Space 512K, Generation 512K, Heap 2M
 Heap Min Capacity: 100M
 Heap Initial Capacity: 100M
 Heap Max Capacity: 512M
 Pre-touch: Disabled
 Parallel Workers: 1
Heap:
 PSYoungGen      total 85504K, used 35327K [0x00000000f5580000, 0x00000000fda80000, 0x0000000100000000)
  eden space 35328K, 99% used [0x00000000f5580000,0x00000000f77ffff8,0x00000000f7800000)
  from space 50176K, 0% used [0x00000000f7800000,0x00000000f7800000,0x00000000fa900000)
  to   space 24064K, 0% used [0x00000000fa900000,0x00000000fa900000,0x00000000fc080000)
 ParOldGen       total 349696K, used 349694K [0x00000000e0000000, 0x00000000f5580000, 0x00000000f5580000)
  object space 349696K, 99% used [0x00000000e0000000,0x00000000f557f968,0x00000000f5580000)
 Metaspace       used 55159K, committed 56128K, reserved 1105920K
  class space    used 5295K, committed 5760K, reserved 1048576K
GC Heap History (20 events):
Event: 2739.156 GC heap before
{Heap before GC invocations=1209 (full 1127):
 PSYoungGen      total 85504K, used 35327K [0x00000000f5580000, 0x00000000fda80000, 0x0000000100000000)
  eden space 35328K, 99% used [0x00000000f5580000,0x00000000f77ffff0,0x00000000f7800000)
  from space 50176K, 0% used [0x00000000f7800000,0x00000000f7800000,0x00000000fa900000)
  to   space 24064K, 0% used [0x00000000fa900000,0x00000000fa900000,0x00000000fc080000)
 ParOldGen       total 349696K, used 349688K [0x00000000e0000000, 0x00000000f5580000, 0x00000000f5580000)
  object space 349696K, 99% used [0x00000000e0000000,0x00000000f557e270,0x00000000f5580000)
 Metaspace       used 55159K, committed 56128K, reserved 1105920K
  class space    used 5295K, committed 5760K, reserved 1048576K
}
Event: 2741.376 GC heap after
{Heap after GC invocations=1209 (full 1127):
 PSYoungGen      total 59392K, used 35327K [0x00000000f5580000, 0x00000000fda80000, 0x0000000100000000)
  eden space 35328K, 99% used [0x00000000f5580000,0x00000000f77fff10,0x00000000f7800000)
  from space 24064K, 0% used [0x00000000fa900000,0x00000000fa900000,0x00000000fc080000)
  to   space 50176K, 0% used [0x00000000f7800000,0x00000000f7800000,0x00000000fa900000)
 ParOldGen       total 349696K, used 349688K [0x00000000e0000000, 0x00000000f5580000, 0x00000000f5580000)
  object space 349696K, 99% used [0x00000000e0000000,0x00000000f557e270,0x00000000f5580000)
 Metaspace       used 55159K, committed 56128K, reserved 1105920K
  class space    used 5295K, committed 5760K, reserved 1048576K
}
Event: 2741.377 GC heap before
{Heap before GC invocations=1210 (full 1128):
 PSYoungGen      total 59392K, used 35327K [0x00000000f5580000, 0x00000000fda80000, 0x0000000100000000)
  eden space 35328K, 99% used [0x00000000f5580000,0x00000000f77fffd8,0x00000000f7800000)
  from space 24064K, 0% used [0x00000000fa900000,0x00000000fa900000,0x00000000fc080000)
  to   space 50176K, 0% used [0x00000000f7800000,0x00000000f7800000,0x00000000fa900000)
 ParOldGen       total 349696K, used 349688K [0x00000000e0000000, 0x00000000f5580000, 0x00000000f5580000)
  object space 349696K, 99% used [0x00000000e0000000,0x00000000f557e270,0x00000000f5580000)
 Metaspace       used 55159K, committed 56128K, reserved 1105920K
  class space    used 5295K, committed 5760K, reserved 1048576K
}
Event: 2743.443 GC heap after
{Heap after GC invocations=1210 (full 1128):
 PSYoungGen      total 85504K, used 35327K [0x00000000f5580000, 0x00000000fda80000, 0x0000000100000000)
  eden space 35328K, 99% used [0x00000000f5580000,0x00000000f77fff10,0x00000000f7800000)
  from space 50176K, 0% used [0x00000000f7800000,0x00000000f7800000,0x00000000fa900000)
  to   space 24064K, 0% used [0x00000000fa900000,0x00000000fa900000,0x00000000fc080000)
 ParOldGen       total 349696K, used 349688K [0x00000000e0000000, 0x00000000f5580000, 0x00000000f5580000)
  object space 349696K, 99% used [0x00000000e0000000,0x00000000f557e270,0x00000000f5580000)
 Metaspace       used 55159K, committed 56128K, reserved 1105920K
  class space    used 5295K, committed 5760K, reserved 1048576K
}
Event: 2743.469 GC heap before
{Heap before GC invocations=1211 (full 1129):
 PSYoungGen      total 85504K, used 35327K [0x00000000f5580000, 0x00000000fda80000, 0x0000000100000000)
  eden space 35328K, 99% used [0x00000000f5580000,0x00000000f77ffff0,0x00000000f7800000)
  from space 50176K, 0% used [0x00000000f7800000,0x00000000f7800000,0x00000000fa900000)
  to   space 24064K, 0% used [0x00000000fa900000,0x00000000fa900000,0x00000000fc080000)
 ParOldGen       total 349696K, used 349688K [0x00000000e0000000, 0x00000000f5580000, 0x00000000f5580000)
  object space 349696K, 99% used [0x00000000e0000000,0x00000000f557e270,0x00000000f5580000)
 Metaspace       used 55159K, committed 56128K, reserved 1105920K
  class space    used 5295K, committed 5760K, reserved 1048576K
}
Event: 2747.040 GC heap after
{Heap after GC invocations=1211 (full 1129):
 PSYoungGen      total 59392K, used 35327K [0x00000000f5580000, 0x00000000fda80000, 0x0000000100000000)
  eden space 35328K, 99% used [0x00000000f5580000,0x00000000f77fff28,0x00000000f7800000)
  from space 24064K, 0% used [0x00000000fa900000,0x00000000fa900000,0x00000000fc080000)
  to   space 50176K, 0% used [0x00000000f7800000,0x00000000f7800000,0x00000000fa900000)
 ParOldGen       total 349696K, used 349688K [0x00000000e0000000, 0x00000000f5580000, 0x00000000f5580000)
  object space 349696K, 99% used [0x00000000e0000000,0x00000000f557e270,0x00000000f5580000)
 Metaspace       used 55159K, committed 56128K, reserved 1105920K
  class space    used 5295K, committed 5760K, reserved 1048576K
}
Event: 2747.068 GC heap before
{Heap before GC invocations=1212 (full 1130):
 PSYoungGen      total 59392K, used 35327K [0x00000000f5580000, 0x00000000fda80000, 0x0000000100000000)
  eden space 35328K, 99% used [0x00000000f5580000,0x00000000f77ffff8,0x00000000f7800000)
  from space 24064K, 0% used [0x00000000fa900000,0x00000000fa900000,0x00000000fc080000)
  to   space 50176K, 0% used [0x00000000f7800000,0x00000000f7800000,0x00000000fa900000)
 ParOldGen       total 349696K, used 349688K [0x00000000e0000000, 0x00000000f5580000, 0x00000000f5580000)
  object space 349696K, 99% used [0x00000000e0000000,0x00000000f557e270,0x00000000f5580000)
 Metaspace       used 55159K, committed 56128K, reserved 1105920K
  class space    used 5295K, committed 5760K, reserved 1048576K
}
Event: 2752.099 GC heap after
{Heap after GC invocations=1212 (full 1130):
 PSYoungGen      total 85504K, used 35327K [0x00000000f5580000, 0x00000000fda80000, 0x0000000100000000)
  eden space 35328K, 99% used [0x00000000f5580000,0x00000000f77fff40,0x00000000f7800000)
  from space 50176K, 0% used [0x00000000f7800000,0x00000000f7800000,0x00000000fa900000)
  to   space 24064K, 0% used [0x00000000fa900000,0x00000000fa900000,0x00000000fc080000)
 ParOldGen       total 349696K, used 349688K [0x00000000e0000000, 0x00000000f5580000, 0x00000000f5580000)
  object space 349696K, 99% used [0x00000000e0000000,0x00000000f557e270,0x00000000f5580000)
 Metaspace       used 55159K, committed 56128K, reserved 1105920K
  class space    used 5295K, committed 5760K, reserved 1048576K
}
Event: 2752.100 GC heap before
{Heap before GC invocations=1213 (full 1131):
 PSYoungGen      total 85504K, used 35328K [0x00000000f5580000, 0x00000000fda80000, 0x0000000100000000)
  eden space 35328K, 100% used [0x00000000f5580000,0x00000000f7800000,0x00000000f7800000)
  from space 50176K, 0% used [0x00000000f7800000,0x00000000f7800000,0x00000000fa900000)
  to   space 24064K, 0% used [0x00000000fa900000,0x00000000fa900000,0x00000000fc080000)
 ParOldGen       total 349696K, used 349688K [0x00000000e0000000, 0x00000000f5580000, 0x00000000f5580000)
  object space 349696K, 99% used [0x00000000e0000000,0x00000000f557e270,0x00000000f5580000)
 Metaspace       used 55159K, committed 56128K, reserved 1105920K
  class space    used 5295K, committed 5760K, reserved 1048576K
}
Event: 2754.224 GC heap after
{Heap after GC invocations=1213 (full 1131):
 PSYoungGen      total 59392K, used 35327K [0x00000000f5580000, 0x00000000fda80000, 0x0000000100000000)
  eden space 35328K, 99% used [0x00000000f5580000,0x00000000f77ffff0,0x00000000f7800000)
  from space 24064K, 0% used [0x00000000fa900000,0x00000000fa900000,0x00000000fc080000)
  to   space 50176K, 0% used [0x00000000f7800000,0x00000000f7800000,0x00000000fa900000)
 ParOldGen       total 349696K, used 349688K [0x00000000e0000000, 0x00000000f5580000, 0x00000000f5580000)
  object space 349696K, 99% used [0x00000000e0000000,0x00000000f557e228,0x00000000f5580000)
 Metaspace       used 55159K, committed 56128K, reserved 1105920K
  class space    used 5295K, committed 5760K, reserved 1048576K
}
Event: 2754.229 GC heap before
{Heap before GC invocations=1214 (full 1132):
 PSYoungGen      total 59392K, used 35327K [0x00000000f5580000, 0x00000000fda80000, 0x0000000100000000)
  eden space 35328K, 99% used [0x00000000f5580000,0x00000000f77ffff0,0x00000000f7800000)
  from space 24064K, 0% used [0x00000000fa900000,0x00000000fa900000,0x00000000fc080000)
  to   space 50176K, 0% used [0x00000000f7800000,0x00000000f7800000,0x00000000fa900000)
 ParOldGen       total 349696K, used 349690K [0x00000000e0000000, 0x00000000f5580000, 0x00000000f5580000)
  object space 349696K, 99% used [0x00000000e0000000,0x00000000f557ea80,0x00000000f5580000)
 Metaspace       used 55159K, committed 56128K, reserved 1105920K
  class space    used 5295K, committed 5760K, reserved 1048576K
}
Event: 2756.387 GC heap after
{Heap after GC invocations=1214 (full 1132):
 PSYoungGen      total 85504K, used 35327K [0x00000000f5580000, 0x00000000fda80000, 0x0000000100000000)
  eden space 35328K, 99% used [0x00000000f5580000,0x00000000f77fffa0,0x00000000f7800000)
  from space 50176K, 0% used [0x00000000f7800000,0x00000000f7800000,0x00000000fa900000)
  to   space 24064K, 0% used [0x00000000fa900000,0x00000000fa900000,0x00000000fc080000)
 ParOldGen       total 349696K, used 349690K [0x00000000e0000000, 0x00000000f5580000, 0x00000000f5580000)
  object space 349696K, 99% used [0x00000000e0000000,0x00000000f557e8b8,0x00000000f5580000)
 Metaspace       used 55159K, committed 56128K, reserved 1105920K
  class space    used 5295K, committed 5760K, reserved 1048576K
}
Event: 2756.392 GC heap before
{Heap before GC invocations=1215 (full 1133):
 PSYoungGen      total 85504K, used 35328K [0x00000000f5580000, 0x00000000fda80000, 0x0000000100000000)
  eden space 35328K, 100% used [0x00000000f5580000,0x00000000f7800000,0x00000000f7800000)
  from space 50176K, 0% used [0x00000000f7800000,0x00000000f7800000,0x00000000fa900000)
  to   space 24064K, 0% used [0x00000000fa900000,0x00000000fa900000,0x00000000fc080000)
 ParOldGen       total 349696K, used 349690K [0x00000000e0000000, 0x00000000f5580000, 0x00000000f5580000)
  object space 349696K, 99% used [0x00000000e0000000,0x00000000f557e8b8,0x00000000f5580000)
 Metaspace       used 55159K, committed 56128K, reserved 1105920K
  class space    used 5295K, committed 5760K, reserved 1048576K
}
Event: 2758.415 GC heap after
{Heap after GC invocations=1215 (full 1133):
 PSYoungGen      total 59392K, used 35328K [0x00000000f5580000, 0x00000000fda80000, 0x0000000100000000)
  eden space 35328K, 100% used [0x00000000f5580000,0x00000000f7800000,0x00000000f7800000)
  from space 24064K, 0% used [0x00000000fa900000,0x00000000fa900000,0x00000000fc080000)
  to   space 50176K, 0% used [0x00000000f7800000,0x00000000f7800000,0x00000000fa900000)
 ParOldGen       total 349696K, used 349690K [0x00000000e0000000, 0x00000000f5580000, 0x00000000f5580000)
  object space 349696K, 99% used [0x00000000e0000000,0x00000000f557e8b8,0x00000000f5580000)
 Metaspace       used 55159K, committed 56128K, reserved 1105920K
  class space    used 5295K, committed 5760K, reserved 1048576K
}
Event: 2758.416 GC heap before
{Heap before GC invocations=1216 (full 1134):
 PSYoungGen      total 59392K, used 35328K [0x00000000f5580000, 0x00000000fda80000, 0x0000000100000000)
  eden space 35328K, 100% used [0x00000000f5580000,0x00000000f7800000,0x00000000f7800000)
  from space 24064K, 0% used [0x00000000fa900000,0x00000000fa900000,0x00000000fc080000)
  to   space 50176K, 0% used [0x00000000f7800000,0x00000000f7800000,0x00000000fa900000)
 ParOldGen       total 349696K, used 349695K [0x00000000e0000000, 0x00000000f5580000, 0x00000000f5580000)
  object space 349696K, 99% used [0x00000000e0000000,0x00000000f557fcb0,0x00000000f5580000)
 Metaspace       used 55159K, committed 56128K, reserved 1105920K
  class space    used 5295K, committed 5760K, reserved 1048576K
}
Event: 2760.545 GC heap after
{Heap after GC invocations=1216 (full 1134):
 PSYoungGen      total 85504K, used 35327K [0x00000000f5580000, 0x00000000fda80000, 0x0000000100000000)
  eden space 35328K, 99% used [0x00000000f5580000,0x00000000f77fffb0,0x00000000f7800000)
  from space 50176K, 0% used [0x00000000f7800000,0x00000000f7800000,0x00000000fa900000)
  to   space 24064K, 0% used [0x00000000fa900000,0x00000000fa900000,0x00000000fc080000)
 ParOldGen       total 349696K, used 349692K [0x00000000e0000000, 0x00000000f5580000, 0x00000000f5580000)
  object space 349696K, 99% used [0x00000000e0000000,0x00000000f557f390,0x00000000f5580000)
 Metaspace       used 55159K, committed 56128K, reserved 1105920K
  class space    used 5295K, committed 5760K, reserved 1048576K
}
Event: 2760.546 GC heap before
{Heap before GC invocations=1217 (full 1135):
 PSYoungGen      total 85504K, used 35328K [0x00000000f5580000, 0x00000000fda80000, 0x0000000100000000)
  eden space 35328K, 100% used [0x00000000f5580000,0x00000000f7800000,0x00000000f7800000)
  from space 50176K, 0% used [0x00000000f7800000,0x00000000f7800000,0x00000000fa900000)
  to   space 24064K, 0% used [0x00000000fa900000,0x00000000fa900000,0x00000000fc080000)
 ParOldGen       total 349696K, used 349694K [0x00000000e0000000, 0x00000000f5580000, 0x00000000f5580000)
  object space 349696K, 99% used [0x00000000e0000000,0x00000000f557fb58,0x00000000f5580000)
 Metaspace       used 55159K, committed 56128K, reserved 1105920K
  class space    used 5295K, committed 5760K, reserved 1048576K
}
Event: 2762.741 GC heap after
{Heap after GC invocations=1217 (full 1135):
 PSYoungGen      total 59392K, used 35327K [0x00000000f5580000, 0x00000000fda80000, 0x0000000100000000)
  eden space 35328K, 99% used [0x00000000f5580000,0x00000000f77fffd0,0x00000000f7800000)
  from space 24064K, 0% used [0x00000000fa900000,0x00000000fa900000,0x00000000fc080000)
  to   space 50176K, 0% used [0x00000000f7800000,0x00000000f7800000,0x00000000fa900000)
 ParOldGen       total 349696K, used 349693K [0x00000000e0000000, 0x00000000f5580000, 0x00000000f5580000)
  object space 349696K, 99% used [0x00000000e0000000,0x00000000f557f6c8,0x00000000f5580000)
 Metaspace       used 55159K, committed 56128K, reserved 1105920K
  class space    used 5295K, committed 5760K, reserved 1048576K
}
Event: 2762.741 GC heap before
{Heap before GC invocations=1218 (full 1136):
 PSYoungGen      total 59392K, used 35327K [0x00000000f5580000, 0x00000000fda80000, 0x0000000100000000)
  eden space 35328K, 99% used [0x00000000f5580000,0x00000000f77fffd0,0x00000000f7800000)
  from space 24064K, 0% used [0x00000000fa900000,0x00000000fa900000,0x00000000fc080000)
  to   space 50176K, 0% used [0x00000000f7800000,0x00000000f7800000,0x00000000fa900000)
 ParOldGen       total 349696K, used 349693K [0x00000000e0000000, 0x00000000f5580000, 0x00000000f5580000)
  object space 349696K, 99% used [0x00000000e0000000,0x00000000f557f6c8,0x00000000f5580000)
 Metaspace       used 55159K, committed 56128K, reserved 1105920K
  class space    used 5295K, committed 5760K, reserved 1048576K
}
Event: 2764.723 GC heap after
{Heap after GC invocations=1218 (full 1136):
 PSYoungGen      total 85504K, used 35327K [0x00000000f5580000, 0x00000000fda80000, 0x0000000100000000)
  eden space 35328K, 99% used [0x00000000f5580000,0x00000000f77fffd0,0x00000000f7800000)
  from space 50176K, 0% used [0x00000000f7800000,0x00000000f7800000,0x00000000fa900000)
  to   space 24064K, 0% used [0x00000000fa900000,0x00000000fa900000,0x00000000fc080000)
 ParOldGen       total 349696K, used 349693K [0x00000000e0000000, 0x00000000f5580000, 0x00000000f5580000)
  object space 349696K, 99% used [0x00000000e0000000,0x00000000f557f6c8,0x00000000f5580000)
 Metaspace       used 55159K, committed 56128K, reserved 1105920K
  class space    used 5295K, committed 5760K, reserved 1048576K
}

