# JRE version: OpenJDK Runtime Environment GraalVM CE 22.3.0 (17.0.5+8) (build 17.0.5+8-jvmci-22.3-b08)
# Java VM: OpenJDK 64-Bit Server VM GraalVM CE 22.3.0 (17.0.5+8-jvmci-22.3-b08, mixed mode, sharing, tiered, jvmci, jvmci compiler, compressed oops, compressed class ptrs, parallel gc, linux-amd64)
GC Precious Log:
 CPUs: 8 total, 2 available
 Memory: 3215M
 Large Page Support: Disabled
 NUMA Support: Disabled
 Compressed Oops: Enabled (32-bit)
 Alignments: Space 512K, Generation 512K, Heap 2M
 Heap Min Capacity: 100M
 Heap Initial Capacity: 100M
 Heap Max Capacity: 512M
 Pre-touch: Disabled
 Parallel Workers: 2
Heap:
 PSYoungGen      total 81920K, used 57856K [0x00000000f5580000, 0x00000000fbe80000, 0x0000000100000000)
  eden space 57856K, 100% used [0x00000000f5580000,0x00000000f8e00000,0x00000000f8e00000)
  from space 24064K, 0% used [0x00000000f8e00000,0x00000000f8e00000,0x00000000fa580000)
  to   space 22528K, 0% used [0x00000000fa680000,0x00000000fa680000,0x00000000fbc80000)
 ParOldGen       total 349696K, used 349695K [0x00000000e0000000, 0x00000000f5580000, 0x00000000f5580000)
  object space 349696K, 99% used [0x00000000e0000000,0x00000000f557fff0,0x00000000f5580000)
 Metaspace       used 61206K, committed 62400K, reserved 1105920K
  class space    used 5692K, committed 6208K, reserved 1048576K
GC Heap History (20 events):
Event: 541.237 GC heap before
{Heap before GC invocations=1314 (full 1031):
 PSYoungGen      total 81920K, used 57856K [0x00000000f5580000, 0x00000000fbe80000, 0x0000000100000000)
  eden space 57856K, 100% used [0x00000000f5580000,0x00000000f8e00000,0x00000000f8e00000)
  from space 24064K, 0% used [0x00000000f8e00000,0x00000000f8e00000,0x00000000fa580000)
  to   space 22528K, 0% used [0x00000000fa680000,0x00000000fa680000,0x00000000fbc80000)
 ParOldGen       total 349696K, used 349695K [0x00000000e0000000, 0x00000000f5580000, 0x00000000f5580000)
  object space 349696K, 99% used [0x00000000e0000000,0x00000000f557ffe0,0x00000000f5580000)
 Metaspace       used 61206K, committed 62400K, reserved 1105920K
  class space    used 5692K, committed 6208K, reserved 1048576K
}
Event: 541.593 GC heap after
{Heap after GC invocations=1314 (full 1031):
 PSYoungGen      total 80384K, used 57856K [0x00000000f5580000, 0x00000000fbe80000, 0x0000000100000000)
  eden space 57856K, 100% used [0x00000000f5580000,0x00000000f8e00000,0x00000000f8e00000)
  from space 22528K, 0% used [0x00000000fa680000,0x00000000fa680000,0x00000000fbc80000)
  to   space 24064K, 0% used [0x00000000f8e00000,0x00000000f8e00000,0x00000000fa580000)
 ParOldGen       total 349696K, used 349695K [0x00000000e0000000, 0x00000000f5580000, 0x00000000f5580000)
  object space 349696K, 99% used [0x00000000e0000000,0x00000000f557ffb8,0x00000000f5580000)
 Metaspace       used 61206K, committed 62400K, reserved 1105920K
  class space    used 5692K, committed 6208K, reserved 1048576K
}
Event: 541.593 GC heap before
{Heap before GC invocations=1315 (full 1032):
 PSYoungGen      total 80384K, used 57856K [0x00000000f5580000, 0x00000000fbe80000, 0x0000000100000000)
  eden space 57856K, 100% used [0x00000000f5580000,0x00000000f8e00000,0x00000000f8e00000)
  from space 22528K, 0% used [0x00000000fa680000,0x00000000fa680000,0x00000000fbc80000)
  to   space 24064K, 0% used [0x00000000f8e00000,0x00000000f8e00000,0x00000000fa580000)
 ParOldGen       total 349696K, used 349695K [0x00000000e0000000, 0x00000000f5580000, 0x00000000f5580000)
  object space 349696K, 99% used [0x00000000e0000000,0x00000000f557ffb8,0x00000000f5580000)
 Metaspace       used 61206K, committed 62400K, reserved 1105920K
  class space    used 5692K, committed 6208K, reserved 1048576K
}
Event: 541.956 GC heap after
{Heap after GC invocations=1315 (full 1032):
 PSYoungGen      total 81920K, used 57856K [0x00000000f5580000, 0x00000000fbe80000, 0x0000000100000000)
  eden space 57856K, 100% used [0x00000000f5580000,0x00000000f8e00000,0x00000000f8e00000)
  from space 24064K, 0% used [0x00000000f8e00000,0x00000000f8e00000,0x00000000fa580000)
  to   space 22528K, 0% used [0x00000000fa680000,0x00000000fa680000,0x00000000fbc80000)
 ParOldGen       total 349696K, used 349695K [0x00000000e0000000, 0x00000000f5580000, 0x00000000f5580000)
  object space 349696K, 99% used [0x00000000e0000000,0x00000000f557fed8,0x00000000f5580000)
 Metaspace       used 61206K, committed 62400K, reserved 1105920K
  class space    used 5692K, committed 6208K, reserved 1048576K
}
Event: 541.957 GC heap before
{Heap before GC invocations=1316 (full 1033):
 PSYoungGen      total 81920K, used 57856K [0x00000000f5580000, 0x00000000fbe80000, 0x0000000100000000)
  eden space 57856K, 100% used [0x00000000f5580000,0x00000000f8e00000,0x00000000f8e00000)
  from space 24064K, 0% used [0x00000000f8e00000,0x00000000f8e00000,0x00000000fa580000)
  to   space 22528K, 0% used [0x00000000fa680000,0x00000000fa680000,0x00000000fbc80000)
 ParOldGen       total 349696K, used 349695K [0x00000000e0000000, 0x00000000f5580000, 0x00000000f5580000)
  object space 349696K, 99% used [0x00000000e0000000,0x00000000f557fff0,0x00000000f5580000)
 Metaspace       used 61206K, committed 62400K, reserved 1105920K
  class space    used 5692K, committed 6208K, reserved 1048576K
}
Event: 542.308 GC heap after
{Heap after GC invocations=1316 (full 1033):
 PSYoungGen      total 80384K, used 57856K [0x00000000f5580000, 0x00000000fbe80000, 0x0000000100000000)
  eden space 57856K, 100% used [0x00000000f5580000,0x00000000f8e00000,0x00000000f8e00000)
  from space 22528K, 0% used [0x00000000fa680000,0x00000000fa680000,0x00000000fbc80000)
  to   space 24064K, 0% used [0x00000000f8e00000,0x00000000f8e00000,0x00000000fa580000)
 ParOldGen       total 349696K, used 349695K [0x00000000e0000000, 0x00000000f5580000, 0x00000000f5580000)
  object space 349696K, 99% used [0x00000000e0000000,0x00000000f557fff0,0x00000000f5580000)
 Metaspace       used 61206K, committed 62400K, reserved 1105920K
  class space    used 5692K, committed 6208K, reserved 1048576K
}
Event: 542.308 GC heap before
{Heap before GC invocations=1317 (full 1034):
 PSYoungGen      total 80384K, used 57856K [0x00000000f5580000, 0x00000000fbe80000, 0x0000000100000000)
  eden space 57856K, 100% used [0x00000000f5580000,0x00000000f8e00000,0x00000000f8e00000)
  from space 22528K, 0% used [0x00000000fa680000,0x00000000fa680000,0x00000000fbc80000)
  to   space 24064K, 0% used [0x00000000f8e00000,0x00000000f8e00000,0x00000000fa580000)
 ParOldGen       total 349696K, used 349695K [0x00000000e0000000, 0x00000000f5580000, 0x00000000f5580000)
  object space 349696K, 99% used [0x00000000e0000000,0x00000000f557fff0,0x00000000f5580000)
 Metaspace       used 61206K, committed 62400K, reserved 1105920K
  class space    used 5692K, committed 6208K, reserved 1048576K
}
Event: 542.727 GC heap after
{Heap after GC invocations=1317 (full 1034):
 PSYoungGen      total 81920K, used 57856K [0x00000000f5580000, 0x00000000fbe80000, 0x0000000100000000)
  eden space 57856K, 100% used [0x00000000f5580000,0x00000000f8e00000,0x00000000f8e00000)
  from space 24064K, 0% used [0x00000000f8e00000,0x00000000f8e00000,0x00000000fa580000)
  to   space 22528K, 0% used [0x00000000fa680000,0x00000000fa680000,0x00000000fbc80000)
 ParOldGen       total 349696K, used 349695K [0x00000000e0000000, 0x00000000f5580000, 0x00000000f5580000)
  object space 349696K, 99% used [0x00000000e0000000,0x00000000f557fff0,0x00000000f5580000)
 Metaspace       used 61206K, committed 62400K, reserved 1105920K
  class space    used 5692K, committed 6208K, reserved 1048576K
}
Event: 542.727 GC heap before
{Heap before GC invocations=1318 (full 1035):
 PSYoungGen      total 81920K, used 57856K [0x00000000f5580000, 0x00000000fbe80000, 0x0000000100000000)
  eden space 57856K, 100% used [0x00000000f5580000,0x00000000f8e00000,0x00000000f8e00000)
  from space 24064K, 0% used [0x00000000f8e00000,0x00000000f8e00000,0x00000000fa580000)
  to   space 22528K, 0% used [0x00000000fa680000,0x00000000fa680000,0x00000000fbc80000)
 ParOldGen       total 349696K, used 349695K [0x00000000e0000000, 0x00000000f5580000, 0x00000000f5580000)
  object space 349696K, 99% used [0x00000000e0000000,0x00000000f557fff0,0x00000000f5580000)
 Metaspace       used 61206K, committed 62400K, reserved 1105920K
  class space    used 5692K, committed 6208K, reserved 1048576K
}
Event: 543.133 GC heap after
{Heap after GC invocations=1318 (full 1035):
 PSYoungGen      total 80384K, used 57856K [0x00000000f5580000, 0x00000000fbe80000, 0x0000000100000000)
  eden space 57856K, 100% used [0x00000000f5580000,0x00000000f8e00000,0x00000000f8e00000)
  from space 22528K, 0% used [0x00000000fa680000,0x00000000fa680000,0x00000000fbc80000)
  to   space 24064K, 0% used [0x00000000f8e00000,0x00000000f8e00000,0x00000000fa580000)
 ParOldGen       total 349696K, used 349695K [0x00000000e0000000, 0x00000000f5580000, 0x00000000f5580000)
  object space 349696K, 99% used [0x00000000e0000000,0x00000000f557fff0,0x00000000f5580000)
 Metaspace       used 61206K, committed 62400K, reserved 1105920K
  class space    used 5692K, committed 6208K, reserved 1048576K
}
Event: 543.133 GC heap before
{Heap before GC invocations=1319 (full 1036):
 PSYoungGen      total 80384K, used 57856K [0x00000000f5580000, 0x00000000fbe80000, 0x0000000100000000)
  eden space 57856K, 100% used [0x00000000f5580000,0x00000000f8e00000,0x00000000f8e00000)
  from space 22528K, 0% used [0x00000000fa680000,0x00000000fa680000,0x00000000fbc80000)
  to   space 24064K, 0% used [0x00000000f8e00000,0x00000000f8e00000,0x00000000fa580000)
 ParOldGen       total 349696K, used 349695K [0x00000000e0000000, 0x00000000f5580000, 0x00000000f5580000)
  object space 349696K, 99% used [0x00000000e0000000,0x00000000f557fff0,0x00000000f5580000)
 Metaspace       used 61206K, committed 62400K, reserved 1105920K
  class space    used 5692K, committed 6208K, reserved 1048576K
}
Event: 543.529 GC heap after
{Heap after GC invocations=1319 (full 1036):
 PSYoungGen      total 81920K, used 57856K [0x00000000f5580000, 0x00000000fbe80000, 0x0000000100000000)
  eden space 57856K, 100% used [0x00000000f5580000,0x00000000f8e00000,0x00000000f8e00000)
  from space 24064K, 0% used [0x00000000f8e00000,0x00000000f8e00000,0x00000000fa580000)
  to   space 22528K, 0% used [0x00000000fa680000,0x00000000fa680000,0x00000000fbc80000)
 ParOldGen       total 349696K, used 349695K [0x00000000e0000000, 0x00000000f5580000, 0x00000000f5580000)
  object space 349696K, 99% used [0x00000000e0000000,0x00000000f557fff0,0x00000000f5580000)
 Metaspace       used 61206K, committed 62400K, reserved 1105920K
  class space    used 5692K, committed 6208K, reserved 1048576K
}
Event: 543.529 GC heap before
{Heap before GC invocations=1320 (full 1037):
 PSYoungGen      total 81920K, used 57856K [0x00000000f5580000, 0x00000000fbe80000, 0x0000000100000000)
  eden space 57856K, 100% used [0x00000000f5580000,0x00000000f8e00000,0x00000000f8e00000)
  from space 24064K, 0% used [0x00000000f8e00000,0x00000000f8e00000,0x00000000fa580000)
  to   space 22528K, 0% used [0x00000000fa680000,0x00000000fa680000,0x00000000fbc80000)
 ParOldGen       total 349696K, used 349695K [0x00000000e0000000, 0x00000000f5580000, 0x00000000f5580000)
  object space 349696K, 99% used [0x00000000e0000000,0x00000000f557fff0,0x00000000f5580000)
 Metaspace       used 61206K, committed 62400K, reserved 1105920K
  class space    used 5692K, committed 6208K, reserved 1048576K
}
Event: 543.928 GC heap after
{Heap after GC invocations=1320 (full 1037):
 PSYoungGen      total 80384K, used 57856K [0x00000000f5580000, 0x00000000fbe80000, 0x0000000100000000)
  eden space 57856K, 100% used [0x00000000f5580000,0x00000000f8e00000,0x00000000f8e00000)
  from space 22528K, 0% used [0x00000000fa680000,0x00000000fa680000,0x00000000fbc80000)
  to   space 24064K, 0% used [0x00000000f8e00000,0x00000000f8e00000,0x00000000fa580000)
 ParOldGen       total 349696K, used 349695K [0x00000000e0000000, 0x00000000f5580000, 0x00000000f5580000)
  object space 349696K, 99% used [0x00000000e0000000,0x00000000f557fff0,0x00000000f5580000)
 Metaspace       used 61206K, committed 62400K, reserved 1105920K
  class space    used 5692K, committed 6208K, reserved 1048576K
}
Event: 543.928 GC heap before
{Heap before GC invocations=1321 (full 1038):
 PSYoungGen      total 80384K, used 57856K [0x00000000f5580000, 0x00000000fbe80000, 0x0000000100000000)
  eden space 57856K, 100% used [0x00000000f5580000,0x00000000f8e00000,0x00000000f8e00000)
  from space 22528K, 0% used [0x00000000fa680000,0x00000000fa680000,0x00000000fbc80000)
  to   space 24064K, 0% used [0x00000000f8e00000,0x00000000f8e00000,0x00000000fa580000)
 ParOldGen       total 349696K, used 349695K [0x00000000e0000000, 0x00000000f5580000, 0x00000000f5580000)
  object space 349696K, 99% used [0x00000000e0000000,0x00000000f557fff0,0x00000000f5580000)
 Metaspace       used 61206K, committed 62400K, reserved 1105920K
  class space    used 5692K, committed 6208K, reserved 1048576K
}
Event: 544.292 GC heap after
{Heap after GC invocations=1321 (full 1038):
 PSYoungGen      total 81920K, used 57856K [0x00000000f5580000, 0x00000000fbe80000, 0x0000000100000000)
  eden space 57856K, 100% used [0x00000000f5580000,0x00000000f8e00000,0x00000000f8e00000)
  from space 24064K, 0% used [0x00000000f8e00000,0x00000000f8e00000,0x00000000fa580000)
  to   space 22528K, 0% used [0x00000000fa680000,0x00000000fa680000,0x00000000fbc80000)
 ParOldGen       total 349696K, used 349695K [0x00000000e0000000, 0x00000000f5580000, 0x00000000f5580000)
  object space 349696K, 99% used [0x00000000e0000000,0x00000000f557fff0,0x00000000f5580000)
 Metaspace       used 61206K, committed 62400K, reserved 1105920K
  class space    used 5692K, committed 6208K, reserved 1048576K
}
Event: 544.293 GC heap before
{Heap before GC invocations=1322 (full 1039):
 PSYoungGen      total 81920K, used 57856K [0x00000000f5580000, 0x00000000fbe80000, 0x0000000100000000)
  eden space 57856K, 100% used [0x00000000f5580000,0x00000000f8e00000,0x00000000f8e00000)
  from space 24064K, 0% used [0x00000000f8e00000,0x00000000f8e00000,0x00000000fa580000)
  to   space 22528K, 0% used [0x00000000fa680000,0x00000000fa680000,0x00000000fbc80000)
 ParOldGen       total 349696K, used 349695K [0x00000000e0000000, 0x00000000f5580000, 0x00000000f5580000)
  object space 349696K, 99% used [0x00000000e0000000,0x00000000f557fff0,0x00000000f5580000)
 Metaspace       used 61206K, committed 62400K, reserved 1105920K
  class space    used 5692K, committed 6208K, reserved 1048576K
}
Event: 544.639 GC heap after
{Heap after GC invocations=1322 (full 1039):
 PSYoungGen      total 80384K, used 57856K [0x00000000f5580000, 0x00000000fbe80000, 0x0000000100000000)
  eden space 57856K, 100% used [0x00000000f5580000,0x00000000f8e00000,0x00000000f8e00000)
  from space 22528K, 0% used [0x00000000fa680000,0x00000000fa680000,0x00000000fbc80000)
  to   space 24064K, 0% used [0x00000000f8e00000,0x00000000f8e00000,0x00000000fa580000)
 ParOldGen       total 349696K, used 349695K [0x00000000e0000000, 0x00000000f5580000, 0x00000000f5580000)
  object space 349696K, 99% used [0x00000000e0000000,0x00000000f557fff0,0x00000000f5580000)
 Metaspace       used 61206K, committed 62400K, reserved 1105920K
  class space    used 5692K, committed 6208K, reserved 1048576K
}
Event: 544.639 GC heap before
{Heap before GC invocations=1323 (full 1040):
 PSYoungGen      total 80384K, used 57856K [0x00000000f5580000, 0x00000000fbe80000, 0x0000000100000000)
  eden space 57856K, 100% used [0x00000000f5580000,0x00000000f8e00000,0x00000000f8e00000)
  from space 22528K, 0% used [0x00000000fa680000,0x00000000fa680000,0x00000000fbc80000)
  to   space 24064K, 0% used [0x00000000f8e00000,0x00000000f8e00000,0x00000000fa580000)
 ParOldGen       total 349696K, used 349695K [0x00000000e0000000, 0x00000000f5580000, 0x00000000f5580000)
  object space 349696K, 99% used [0x00000000e0000000,0x00000000f557fff0,0x00000000f5580000)
 Metaspace       used 61206K, committed 62400K, reserved 1105920K
  class space    used 5692K, committed 6208K, reserved 1048576K
}
Event: 544.969 GC heap after
{Heap after GC invocations=1323 (full 1040):
 PSYoungGen      total 81920K, used 57856K [0x00000000f5580000, 0x00000000fbe80000, 0x0000000100000000)
  eden space 57856K, 100% used [0x00000000f5580000,0x00000000f8e00000,0x00000000f8e00000)
  from space 24064K, 0% used [0x00000000f8e00000,0x00000000f8e00000,0x00000000fa580000)
  to   space 22528K, 0% used [0x00000000fa680000,0x00000000fa680000,0x00000000fbc80000)
 ParOldGen       total 349696K, used 349695K [0x00000000e0000000, 0x00000000f5580000, 0x00000000f5580000)
  object space 349696K, 99% used [0x00000000e0000000,0x00000000f557fff0,0x00000000f5580000)
 Metaspace       used 61206K, committed 62400K, reserved 1105920K
  class space    used 5692K, committed 6208K, reserved 1048576K
}

